c:\users\lee minyoung\desktop\cuda_gaussian_filtering_answer_global_학생용\filtering\x64\debug\filtering.pch
c:\users\lee minyoung\desktop\cuda_gaussian_filtering_answer_global_학생용\filtering\x64\debug\vc141.pdb
c:\users\lee minyoung\desktop\cuda_gaussian_filtering_answer_global_학생용\filtering\x64\debug\vc141.idb
c:\users\lee minyoung\desktop\cuda_gaussian_filtering_answer_global_학생용\filtering\x64\debug\stdafx.obj
c:\users\lee minyoung\desktop\cuda_gaussian_filtering_answer_global_학생용\filtering\x64\debug\mainfrm.obj
c:\users\lee minyoung\desktop\cuda_gaussian_filtering_answer_global_학생용\filtering\x64\debug\filteringview.obj
c:\users\lee minyoung\desktop\cuda_gaussian_filtering_answer_global_학생용\filtering\x64\debug\filteringdoc.obj
c:\users\lee minyoung\desktop\cuda_gaussian_filtering_answer_global_학생용\filtering\x64\debug\filtering.obj
c:\users\lee minyoung\desktop\cuda_gaussian_filtering_answer_global_학생용\x64\debug\filtering.exe
c:\users\lee minyoung\desktop\cuda_gaussian_filtering_answer_global_학생용\x64\debug\filtering.ilk
c:\users\lee minyoung\desktop\cuda_gaussian_filtering_answer_global_학생용\x64\debug\filtering.pdb
c:\users\lee minyoung\desktop\cuda_gaussian_filtering_answer_global_학생용\filtering\x64\debug\filtering.res
c:\users\lee minyoung\desktop\cuda_gaussian_filtering_answer_global_학생용\filtering\x64\debug\cuda_code.cu.cache
c:\users\lee minyoung\desktop\cuda_gaussian_filtering_answer_global_학생용\filtering\x64\debug\cuda_code.cu.obj
c:\users\lee minyoung\desktop\cuda_gaussian_filtering_answer_global_학생용\filtering\x64\debug\filtering.tlog\cl.command.1.tlog
c:\users\lee minyoung\desktop\cuda_gaussian_filtering_answer_global_학생용\filtering\x64\debug\filtering.tlog\cl.read.1.tlog
c:\users\lee minyoung\desktop\cuda_gaussian_filtering_answer_global_학생용\filtering\x64\debug\filtering.tlog\cl.write.1.tlog
c:\users\lee minyoung\desktop\cuda_gaussian_filtering_answer_global_학생용\filtering\x64\debug\filtering.tlog\cudacompile.read.1u.tlog
c:\users\lee minyoung\desktop\cuda_gaussian_filtering_answer_global_학생용\filtering\x64\debug\filtering.tlog\cudacompile.write.1u.tlog
c:\users\lee minyoung\desktop\cuda_gaussian_filtering_answer_global_학생용\filtering\x64\debug\filtering.tlog\link.command.1.tlog
c:\users\lee minyoung\desktop\cuda_gaussian_filtering_answer_global_학생용\filtering\x64\debug\filtering.tlog\link.read.1.tlog
c:\users\lee minyoung\desktop\cuda_gaussian_filtering_answer_global_학생용\filtering\x64\debug\filtering.tlog\link.write.1.tlog
c:\users\lee minyoung\desktop\cuda_gaussian_filtering_answer_global_학생용\filtering\x64\debug\filtering.tlog\rc.command.1.tlog
c:\users\lee minyoung\desktop\cuda_gaussian_filtering_answer_global_학생용\filtering\x64\debug\filtering.tlog\rc.read.1.tlog
c:\users\lee minyoung\desktop\cuda_gaussian_filtering_answer_global_학생용\filtering\x64\debug\filtering.tlog\rc.write.1.tlog
