  Compiling CUDA source file gososil_11.cu...
  
  C:\Users\Lee Minyoung\Desktop\gososil_11주차_실습_배포\gososil_11>"C:\Program Files\NVIDIA GPU Computing Toolkit\CUDA\v11.5\bin\nvcc.exe" -gencode=arch=compute_52,code=\"sm_52,compute_52\" --use-local-env -ccbin "C:\Program Files (x86)\Microsoft Visual Studio\2017\Community\VC\Tools\MSVC\14.16.27023\bin\HostX86\x64" -x cu   -I"C:\Program Files\NVIDIA GPU Computing Toolkit\CUDA\v11.5\include" -I"C:\Program Files\NVIDIA GPU Computing Toolkit\CUDA\v11.5\include"  -G   --keep-dir x64\Debug  -maxrregcount=0  --machine 64 --compile -cudart static  -g  -DWIN32 -DWIN64 -D_DEBUG -D_CONSOLE -D_MBCS -Xcompiler "/EHsc /W3 /nologo /Od /Fdx64\Debug\vc141.pdb /FS /Zi /RTC1 /MDd " -o x64\Debug\gososil_11.cu.obj "C:\Users\Lee Minyoung\Desktop\gososil_11주차_실습_배포\gososil_11\gososil_11.cu" 
C:\Users\Lee Minyoung\Desktop\gososil_11주차_실습_배포\gososil_11\gososil_11.cu(289): warning #546-D: transfer of control bypasses initialization of:
              variable "dimBlock"
  (325): here
              variable "dimGrid"
  (326): here
  
C:\Users\Lee Minyoung\Desktop\gososil_11주차_실습_배포\gososil_11\gososil_11.cu(393): warning #177-D: variable "vec_idx" was declared but never referenced
  
C:\Users\Lee Minyoung\Desktop\gososil_11주차_실습_배포\gososil_11\gososil_11.cu(289): warning #546-D: transfer of control bypasses initialization of:
              variable "dimBlock"
  (325): here
              variable "dimGrid"
  (326): here
  
  gososil_11.cu
C:\Users\Lee Minyoung\Desktop\gososil_11주차_실습_배포\gososil_11\gososil_11.cu(330): warning C4267: '인수': 'size_t'에서 'int'(으)로 변환하면서 데이터가 손실될 수 있습니다.
C:\Users\Lee Minyoung\Desktop\gososil_11주차_실습_배포\gososil_11\gososil_11.cu(342): warning C4533: 'dimGrid' 초기화가 'goto Error'에 의해 생략되었습니다.
  C:\Users\Lee Minyoung\Desktop\gososil_11주차_실습_배포\gososil_11\gososil_11.cu(326): note: 'dimGrid' 선언을 참조하십시오.
  C:\Users\Lee Minyoung\Desktop\gososil_11주차_실습_배포\gososil_11\gososil_11.cu(342): note: 'Error' 선언을 참조하십시오.
C:\Users\Lee Minyoung\Desktop\gososil_11주차_실습_배포\gososil_11\gososil_11.cu(342): warning C4533: 'dimBlock' 초기화가 'goto Error'에 의해 생략되었습니다.
  C:\Users\Lee Minyoung\Desktop\gososil_11주차_실습_배포\gososil_11\gososil_11.cu(325): note: 'dimBlock' 선언을 참조하십시오.
  C:\Users\Lee Minyoung\Desktop\gososil_11주차_실습_배포\gososil_11\gososil_11.cu(342): note: 'Error' 선언을 참조하십시오.
C:\Users\Lee Minyoung\Desktop\gososil_11주차_실습_배포\gososil_11\gososil_11.cu(393): warning C4101: 'vec_idx' :참조되지 않은 지역 변수입니다.
     C:\Users\Lee Minyoung\Desktop\gososil_11주차_실습_배포\x64\Debug\gososil_11.lib 라이브러리 및 C:\Users\Lee Minyoung\Desktop\gososil_11주차_실습_배포\x64\Debug\gososil_11.exp 개체를 생성하고 있습니다.
  gososil_11.vcxproj -> C:\Users\Lee Minyoung\Desktop\gososil_11주차_실습_배포\x64\Debug\gososil_11.exe
